[debug] [2025-07-16T00:07:34.910Z] ----------------------------------------------------------------------
[debug] [2025-07-16T00:07:34.917Z] Command:       C:\Program Files\nodejs\node.exe C:\Users\hp\AppData\Roaming\npm\node_modules\firebase-tools\lib\bin\firebase.js emulators:start --only functions
[debug] [2025-07-16T00:07:34.918Z] CLI Version:   14.10.1
[debug] [2025-07-16T00:07:34.918Z] Platform:      win32
[debug] [2025-07-16T00:07:34.918Z] Node Version:  v22.11.0
[debug] [2025-07-16T00:07:34.919Z] Time:          Wed Jul 16 2025 03:07:34 GMT+0300 (East Africa Time)
[debug] [2025-07-16T00:07:34.920Z] ----------------------------------------------------------------------
[debug] 
[debug] [2025-07-16T00:07:35.687Z] > command requires scopes: ["email","openid","https://www.googleapis.com/auth/cloudplatformprojects.readonly","https://www.googleapis.com/auth/firebase","https://www.googleapis.com/auth/cloud-platform"]
[debug] [2025-07-16T00:07:35.688Z] > authorizing via signed-in user (amir.mesfin136@gmail.com)
[info] i  emulators: Starting emulators: functions {"metadata":{"emulator":{"name":"hub"},"message":"Starting emulators: functions"}}
[debug] [2025-07-16T00:07:35.758Z] [logging] Logging Emulator only supports listening on one address (127.0.0.1). Not listening on ::1
[debug] [2025-07-16T00:07:35.759Z] assigned listening specs for emulators {"user":{"hub":[{"address":"127.0.0.1","family":"IPv4","port":4400},{"address":"::1","family":"IPv6","port":4400}],"ui":[{"address":"127.0.0.1","family":"IPv4","port":4000},{"address":"::1","family":"IPv6","port":4000}],"logging":[{"address":"127.0.0.1","family":"IPv4","port":4500}]},"metadata":{"message":"assigned listening specs for emulators"}}
[debug] [2025-07-16T00:07:35.799Z] [hub] writing locator at C:\Users\hp\AppData\Local\Temp\hub-dessiemart-31cbe.json
[debug] [2025-07-16T00:07:35.843Z] [functions] Functions Emulator only supports listening on one address (127.0.0.1). Not listening on ::1
[debug] [2025-07-16T00:07:35.843Z] [eventarc] Eventarc Emulator only supports listening on one address (127.0.0.1). Not listening on ::1
[debug] [2025-07-16T00:07:35.843Z] [tasks] Cloud Tasks Emulator only supports listening on one address (127.0.0.1). Not listening on ::1
[debug] [2025-07-16T00:07:35.844Z] late-assigned ports for functions and eventarc emulators {"user":{"hub":[{"address":"127.0.0.1","family":"IPv4","port":4400},{"address":"::1","family":"IPv6","port":4400}],"ui":[{"address":"127.0.0.1","family":"IPv4","port":4000},{"address":"::1","family":"IPv6","port":4000}],"logging":[{"address":"127.0.0.1","family":"IPv4","port":4500}],"functions":[{"address":"127.0.0.1","family":"IPv4","port":5001}],"eventarc":[{"address":"127.0.0.1","family":"IPv4","port":9299}],"tasks":[{"address":"127.0.0.1","family":"IPv4","port":9499}]},"metadata":{"message":"late-assigned ports for functions and eventarc emulators"}}
[warn] !  functions: The following emulators are not running, calls to these services from the Functions emulator will affect production: apphosting, auth, firestore, database, hosting, pubsub, storage, dataconnect {"metadata":{"emulator":{"name":"functions"},"message":"The following emulators are not running, calls to these services from the Functions emulator will affect production: \u001b[1mapphosting, auth, firestore, database, hosting, pubsub, storage, dataconnect\u001b[22m"}}
[debug] [2025-07-16T00:07:35.914Z] defaultcredentials: writing to file C:\Users\hp\AppData\Roaming\firebase\amir_mesfin136_gmail.com_application_default_credentials.json
[debug] [2025-07-16T00:07:35.920Z] Setting GAC to C:\Users\hp\AppData\Roaming\firebase\amir_mesfin136_gmail.com_application_default_credentials.json {"metadata":{"emulator":{"name":"functions"},"message":"Setting GAC to C:\\Users\\hp\\AppData\\Roaming\\firebase\\amir_mesfin136_gmail.com_application_default_credentials.json"}}
[debug] [2025-07-16T00:07:35.927Z] Checked if tokens are valid: false, expires at: 1752590397105
[debug] [2025-07-16T00:07:35.928Z] Checked if tokens are valid: false, expires at: 1752590397105
[debug] [2025-07-16T00:07:35.930Z] > refreshing access token with scopes: []
[debug] [2025-07-16T00:07:35.940Z] >>> [apiv2][query] POST https://www.googleapis.com/oauth2/v3/token [none]
[debug] [2025-07-16T00:07:35.941Z] >>> [apiv2][body] POST https://www.googleapis.com/oauth2/v3/token [omitted]
[debug] [2025-07-16T00:07:36.984Z] <<< [apiv2][status] POST https://www.googleapis.com/oauth2/v3/token 200
[debug] [2025-07-16T00:07:36.985Z] <<< [apiv2][body] POST https://www.googleapis.com/oauth2/v3/token [omitted]
[debug] [2025-07-16T00:07:37.125Z] >>> [apiv2][query] GET https://firebase.googleapis.com/v1beta1/projects/dessiemart-31cbe/adminSdkConfig [none]
[debug] [2025-07-16T00:07:37.944Z] <<< [apiv2][status] GET https://firebase.googleapis.com/v1beta1/projects/dessiemart-31cbe/adminSdkConfig 200
[debug] [2025-07-16T00:07:37.945Z] <<< [apiv2][body] GET https://firebase.googleapis.com/v1beta1/projects/dessiemart-31cbe/adminSdkConfig {"projectId":"dessiemart-31cbe","storageBucket":"dessiemart-31cbe.firebasestorage.app"}
[info] i  functions: Watching "C:\abu_course\practice\phase-4\DessieMart-\backend\functions" for Cloud Functions... {"metadata":{"emulator":{"name":"functions"},"message":"Watching \"C:\\abu_course\\practice\\phase-4\\DessieMart-\\backend\\functions\" for Cloud Functions..."}}
[debug] [2025-07-16T00:07:38.123Z] Validating nodejs source
[warn] !  functions: package.json indicates an outdated version of firebase-functions. Please upgrade using npm install --save firebase-functions@latest in your functions directory. 
[debug] [2025-07-16T00:07:41.064Z] > [functions] package.json contents: {
  "name": "functions",
  "description": "Cloud Functions for Firebase",
  "scripts": {
    "serve": "firebase emulators:start --only functions",
    "shell": "firebase functions:shell",
    "start": "npm run shell",
    "deploy": "firebase deploy --only functions",
    "logs": "firebase functions:log"
  },
  "engines": {
    "node": "22"
  },
  "main": "index.js",
  "dependencies": {
    "cors": "^2.8.5",
    "dotenv": "^17.2.0",
    "express": "^5.1.0",
    "firebase-admin": "^12.6.0",
    "firebase-functions": "^6.0.1",
    "stripe": "^18.3.0"
  },
  "devDependencies": {
    "firebase-functions-test": "^3.1.0"
  },
  "private": true
}
[debug] [2025-07-16T00:07:41.065Z] Building nodejs source
[debug] [2025-07-16T00:07:41.067Z] Failed to find version of module node: reached end of search path C:\abu_course\practice\phase-4\DessieMart-\backend\functions\node_modules
[info] +  functions: Using node@22 from host. 
[info] i  functions: Loaded environment variables from .env. 
[debug] [2025-07-16T00:07:41.085Z] Could not find functions.yaml. Must use http discovery
[debug] [2025-07-16T00:07:41.131Z] Found firebase-functions binary at 'C:\abu_course\practice\phase-4\DessieMart-\backend\functions\node_modules\.bin\firebase-functions'
[info] Serving at port 8783

[info] [dotenv@17.2.0] injecting env (1) from .env (tip: ðŸ” prevent committing .env to code: https://dotenvx.com/precommit)

[debug] [2025-07-16T00:07:44.088Z] Got response from /__/functions.yaml {"endpoints":{"api":{"availableMemoryMb":null,"timeoutSeconds":null,"minInstances":null,"maxInstances":10,"ingressSettings":null,"concurrency":null,"serviceAccountEmail":null,"vpc":null,"platform":"gcfv2","labels":{},"httpsTrigger":{},"entryPoint":"api"}},"specVersion":"v1alpha1","requiredAPIs":[],"extensions":{}}
[info] +  functions: Loaded functions definitions from source: api. {"metadata":{"emulator":{"name":"functions"},"message":"Loaded functions definitions from source: api."}}
[info] +  functions[us-central1-api]: http function initialized (http://127.0.0.1:5001/dessiemart-31cbe/us-central1/api). {"metadata":{"emulator":{"name":"functions"},"message":"\u001b[1mhttp\u001b[22m function initialized (http://127.0.0.1:5001/dessiemart-31cbe/us-central1/api)."}}
[debug] [2025-07-16T00:07:48.248Z] Could not find VSCode notification endpoint: FetchError: request to http://localhost:40001/vscode/notify failed, reason: . If you are not running the Firebase Data Connect VSCode extension, this is expected and not an issue.
[info] 
â”Œâ”€â”€â”€â”€â”€â”€â”€â”€â”€â”€â”€â”€â”€â”€â”€â”€â”€â”€â”€â”€â”€â”€â”€â”€â”€â”€â”€â”€â”€â”€â”€â”€â”€â”€â”€â”€â”€â”€â”€â”€â”€â”€â”€â”€â”€â”€â”€â”€â”€â”€â”€â”€â”€â”€â”€â”€â”€â”€â”€â”€â”€â”
â”‚ âœ”  All emulators ready! It is now safe to connect your app. â”‚
â”‚ i  View Emulator UI at http://127.0.0.1:4000/               â”‚
â””â”€â”€â”€â”€â”€â”€â”€â”€â”€â”€â”€â”€â”€â”€â”€â”€â”€â”€â”€â”€â”€â”€â”€â”€â”€â”€â”€â”€â”€â”€â”€â”€â”€â”€â”€â”€â”€â”€â”€â”€â”€â”€â”€â”€â”€â”€â”€â”€â”€â”€â”€â”€â”€â”€â”€â”€â”€â”€â”€â”€â”€â”˜

â”Œâ”€â”€â”€â”€â”€â”€â”€â”€â”€â”€â”€â”¬â”€â”€â”€â”€â”€â”€â”€â”€â”€â”€â”€â”€â”€â”€â”€â”€â”¬â”€â”€â”€â”€â”€â”€â”€â”€â”€â”€â”€â”€â”€â”€â”€â”€â”€â”€â”€â”€â”€â”€â”€â”€â”€â”€â”€â”€â”€â”€â”€â”€â”€â”
â”‚ Emulator  â”‚ Host:Port      â”‚ View in Emulator UI             â”‚
â”œâ”€â”€â”€â”€â”€â”€â”€â”€â”€â”€â”€â”¼â”€â”€â”€â”€â”€â”€â”€â”€â”€â”€â”€â”€â”€â”€â”€â”€â”¼â”€â”€â”€â”€â”€â”€â”€â”€â”€â”€â”€â”€â”€â”€â”€â”€â”€â”€â”€â”€â”€â”€â”€â”€â”€â”€â”€â”€â”€â”€â”€â”€â”€â”¤
â”‚ Functions â”‚ 127.0.0.1:5001 â”‚ http://127.0.0.1:4000/functions â”‚
â””â”€â”€â”€â”€â”€â”€â”€â”€â”€â”€â”€â”´â”€â”€â”€â”€â”€â”€â”€â”€â”€â”€â”€â”€â”€â”€â”€â”€â”´â”€â”€â”€â”€â”€â”€â”€â”€â”€â”€â”€â”€â”€â”€â”€â”€â”€â”€â”€â”€â”€â”€â”€â”€â”€â”€â”€â”€â”€â”€â”€â”€â”€â”˜
  Emulator Hub host: 127.0.0.1 port: 4400
  Other reserved ports: 4500

Issues? Report them at https://github.com/firebase/firebase-tools/issues and attach the *-debug.log files.
 
[debug] [2025-07-16T00:08:04.093Z] [work-queue] {"queuedWork":["/dessiemart-31cbe/us-central1/api/payment/create-2025-07-16T00:08:04.093Z"],"queueLength":1,"runningWork":[],"workRunningCount":0}
[debug] [2025-07-16T00:08:04.094Z] [work-queue] {"queuedWork":[],"queueLength":0,"runningWork":["/dessiemart-31cbe/us-central1/api/payment/create-2025-07-16T00:08:04.093Z"],"workRunningCount":1}
[debug] [2025-07-16T00:08:04.094Z] Accepted request POST /dessiemart-31cbe/us-central1/api/payment/create?total=300 --> us-central1-api
[debug] [2025-07-16T00:08:04.099Z] [functions] Runtime ready! Sending request! {"metadata":{"emulator":{"name":"functions"},"message":"[functions] Runtime ready! Sending request!"}}
[debug] [2025-07-16T00:08:04.100Z] [functions] Got req.url=/dessiemart-31cbe/us-central1/api/payment/create?total=300, mapping to path=/payment/create?total=300 {"metadata":{"emulator":{"name":"functions"},"message":"[functions] Got req.url=/dessiemart-31cbe/us-central1/api/payment/create?total=300, mapping to path=/payment/create?total=300"}}
[info] i  functions: Loaded environment variables from .env. 
[debug] [2025-07-16T00:08:04.133Z] [worker-pool] addWorker(us-central1-api) {"metadata":{"emulator":{"name":"functions"},"message":"[worker-pool] addWorker(us-central1-api)"}}
[debug] [2025-07-16T00:08:04.136Z] [worker-pool] Adding worker with key us-central1-api, total=1 {"metadata":{"emulator":{"name":"functions"},"message":"[worker-pool] Adding worker with key us-central1-api, total=1"}}
[info] >  (node:9496) [DEP0040] DeprecationWarning: The `punycode` module is deprecated. Please use a userland alternative instead. {"user":"(node:9496) [DEP0040] DeprecationWarning: The `punycode` module is deprecated. Please use a userland alternative instead.","metadata":{"emulator":{"name":"functions"},"function":{"name":"us-central1-api"},"extension":{},"message":"\u001b[90m> \u001b[39m (node:9496) [DEP0040] DeprecationWarning: The `punycode` module is deprecated. Please use a userland alternative instead."}}
[info] >  (Use `node --trace-deprecation ...` to show where the warning was created) {"user":"(Use `node --trace-deprecation ...` to show where the warning was created)","metadata":{"emulator":{"name":"functions"},"function":{"name":"us-central1-api"},"extension":{},"message":"\u001b[90m> \u001b[39m (Use `node --trace-deprecation ...` to show where the warning was created)"}}
[debug] [2025-07-16T00:08:13.389Z] [runtime-status] [9496] Resolved module firebase-admin {"declared":true,"installed":true,"version":"12.7.0","resolution":"C:\\abu_course\\practice\\phase-4\\DessieMart-\\backend\\functions\\node_modules\\firebase-admin\\lib\\index.js"} {"metadata":{"emulator":{"name":"functions"},"function":{"name":"us-central1-api"},"extension":{},"message":"[runtime-status] [9496] Resolved module firebase-admin {\"declared\":true,\"installed\":true,\"version\":\"12.7.0\",\"resolution\":\"C:\\\\abu_course\\\\practice\\\\phase-4\\\\DessieMart-\\\\backend\\\\functions\\\\node_modules\\\\firebase-admin\\\\lib\\\\index.js\"}"}}
[debug] [2025-07-16T00:08:13.396Z] [runtime-status] [9496] Resolved module firebase-functions {"declared":true,"installed":true,"version":"6.3.2","resolution":"C:\\abu_course\\practice\\phase-4\\DessieMart-\\backend\\functions\\node_modules\\firebase-functions\\lib\\v2\\index.js"} {"metadata":{"emulator":{"name":"functions"},"function":{"name":"us-central1-api"},"extension":{},"message":"[runtime-status] [9496] Resolved module firebase-functions {\"declared\":true,\"installed\":true,\"version\":\"6.3.2\",\"resolution\":\"C:\\\\abu_course\\\\practice\\\\phase-4\\\\DessieMart-\\\\backend\\\\functions\\\\node_modules\\\\firebase-functions\\\\lib\\\\v2\\\\index.js\"}"}}
[debug] [2025-07-16T00:08:13.397Z] [runtime-status] [9496] Outgoing network have been stubbed. [{"name":"http","status":"mocked"},{"name":"http","status":"mocked"},{"name":"https","status":"mocked"},{"name":"https","status":"mocked"},{"name":"net","status":"mocked"}] {"metadata":{"emulator":{"name":"functions"},"function":{"name":"us-central1-api"},"extension":{},"message":"[runtime-status] [9496] Outgoing network have been stubbed. [{\"name\":\"http\",\"status\":\"mocked\"},{\"name\":\"http\",\"status\":\"mocked\"},{\"name\":\"https\",\"status\":\"mocked\"},{\"name\":\"https\",\"status\":\"mocked\"},{\"name\":\"net\",\"status\":\"mocked\"}]"}}
[debug] [2025-07-16T00:08:13.401Z] [runtime-status] [9496] Resolved module firebase-functions {"declared":true,"installed":true,"version":"6.3.2","resolution":"C:\\abu_course\\practice\\phase-4\\DessieMart-\\backend\\functions\\node_modules\\firebase-functions\\lib\\v2\\index.js"} {"metadata":{"emulator":{"name":"functions"},"function":{"name":"us-central1-api"},"extension":{},"message":"[runtime-status] [9496] Resolved module firebase-functions {\"declared\":true,\"installed\":true,\"version\":\"6.3.2\",\"resolution\":\"C:\\\\abu_course\\\\practice\\\\phase-4\\\\DessieMart-\\\\backend\\\\functions\\\\node_modules\\\\firebase-functions\\\\lib\\\\v2\\\\index.js\"}"}}
[debug] [2025-07-16T00:08:15.216Z] [runtime-status] [9496] Checked functions.config() {"config":{}} {"metadata":{"emulator":{"name":"functions"},"function":{"name":"us-central1-api"},"extension":{},"message":"[runtime-status] [9496] Checked functions.config() {\"config\":{}}"}}
[debug] [2025-07-16T00:08:15.218Z] [runtime-status] [9496] firebase-functions has been stubbed. {"functionsResolution":{"declared":true,"installed":true,"version":"6.3.2","resolution":"C:\\abu_course\\practice\\phase-4\\DessieMart-\\backend\\functions\\node_modules\\firebase-functions\\lib\\v2\\index.js"}} {"metadata":{"emulator":{"name":"functions"},"function":{"name":"us-central1-api"},"extension":{},"message":"[runtime-status] [9496] firebase-functions has been stubbed. {\"functionsResolution\":{\"declared\":true,\"installed\":true,\"version\":\"6.3.2\",\"resolution\":\"C:\\\\abu_course\\\\practice\\\\phase-4\\\\DessieMart-\\\\backend\\\\functions\\\\node_modules\\\\firebase-functions\\\\lib\\\\v2\\\\index.js\"}}"}}
[debug] [2025-07-16T00:08:15.221Z] [runtime-status] [9496] Resolved module firebase-functions {"declared":true,"installed":true,"version":"6.3.2","resolution":"C:\\abu_course\\practice\\phase-4\\DessieMart-\\backend\\functions\\node_modules\\firebase-functions\\lib\\v2\\index.js"} {"metadata":{"emulator":{"name":"functions"},"function":{"name":"us-central1-api"},"extension":{},"message":"[runtime-status] [9496] Resolved module firebase-functions {\"declared\":true,\"installed\":true,\"version\":\"6.3.2\",\"resolution\":\"C:\\\\abu_course\\\\practice\\\\phase-4\\\\DessieMart-\\\\backend\\\\functions\\\\node_modules\\\\firebase-functions\\\\lib\\\\v2\\\\index.js\"}"}}
[debug] [2025-07-16T00:08:15.255Z] [runtime-status] [9496] Resolved module firebase-admin {"declared":true,"installed":true,"version":"12.7.0","resolution":"C:\\abu_course\\practice\\phase-4\\DessieMart-\\backend\\functions\\node_modules\\firebase-admin\\lib\\index.js"} {"metadata":{"emulator":{"name":"functions"},"function":{"name":"us-central1-api"},"extension":{},"message":"[runtime-status] [9496] Resolved module firebase-admin {\"declared\":true,\"installed\":true,\"version\":\"12.7.0\",\"resolution\":\"C:\\\\abu_course\\\\practice\\\\phase-4\\\\DessieMart-\\\\backend\\\\functions\\\\node_modules\\\\firebase-admin\\\\lib\\\\index.js\"}"}}
[debug] [2025-07-16T00:08:15.271Z] [runtime-status] [9496] Resolved module firebase-functions {"declared":true,"installed":true,"version":"6.3.2","resolution":"C:\\abu_course\\practice\\phase-4\\DessieMart-\\backend\\functions\\node_modules\\firebase-functions\\lib\\v2\\index.js"} {"metadata":{"emulator":{"name":"functions"},"function":{"name":"us-central1-api"},"extension":{},"message":"[runtime-status] [9496] Resolved module firebase-functions {\"declared\":true,\"installed\":true,\"version\":\"6.3.2\",\"resolution\":\"C:\\\\abu_course\\\\practice\\\\phase-4\\\\DessieMart-\\\\backend\\\\functions\\\\node_modules\\\\firebase-functions\\\\lib\\\\v2\\\\index.js\"}"}}
[debug] [2025-07-16T00:08:15.272Z] [runtime-status] [9496] firebase-admin has been stubbed. {"adminResolution":{"declared":true,"installed":true,"version":"12.7.0","resolution":"C:\\abu_course\\practice\\phase-4\\DessieMart-\\backend\\functions\\node_modules\\firebase-admin\\lib\\index.js"}} {"metadata":{"emulator":{"name":"functions"},"function":{"name":"us-central1-api"},"extension":{},"message":"[runtime-status] [9496] firebase-admin has been stubbed. {\"adminResolution\":{\"declared\":true,\"installed\":true,\"version\":\"12.7.0\",\"resolution\":\"C:\\\\abu_course\\\\practice\\\\phase-4\\\\DessieMart-\\\\backend\\\\functions\\\\node_modules\\\\firebase-admin\\\\lib\\\\index.js\"}}"}}
[info] >  [dotenv@17.2.0] injecting env (0) from .env (tip: ðŸ” prevent committing .env to code: https://dotenvx.com/precommit) {"user":"[dotenv@17.2.0] injecting env (0) from .env (tip: ðŸ” prevent committing .env to code: https://dotenvx.com/precommit)","metadata":{"emulator":{"name":"functions"},"function":{"name":"us-central1-api"},"extension":{},"message":"\u001b[90m> \u001b[39m [dotenv@17.2.0] injecting env (0) from .env (tip: ðŸ” prevent committing .env to code: https://dotenvx.com/precommit)"}}
[debug] [2025-07-16T00:08:15.853Z] [runtime-status] [9496] Functions runtime initialized. {"cwd":"C:\\abu_course\\practice\\phase-4\\DessieMart-\\backend\\functions","node_version":"22.11.0"} {"metadata":{"emulator":{"name":"functions"},"function":{"name":"us-central1-api"},"extension":{},"message":"[runtime-status] [9496] Functions runtime initialized. {\"cwd\":\"C:\\\\abu_course\\\\practice\\\\phase-4\\\\DessieMart-\\\\backend\\\\functions\",\"node_version\":\"22.11.0\"}"}}
[debug] [2025-07-16T00:08:15.854Z] [runtime-status] [9496] Listening to port: \\?\pipe\fire_emu_aa866e68eb1643d7 {"metadata":{"emulator":{"name":"functions"},"function":{"name":"us-central1-api"},"extension":{},"message":"[runtime-status] [9496] Listening to port: \\\\?\\pipe\\fire_emu_aa866e68eb1643d7"}}
[debug] [2025-07-16T00:08:15.947Z] [worker-us-central1-api-b0c2c03e-683f-4194-958d-6548fe616b87]: IDLE {"metadata":{"emulator":{"name":"functions"},"function":{"name":"us-central1-api"},"extension":{},"message":"[worker-us-central1-api-b0c2c03e-683f-4194-958d-6548fe616b87]: IDLE"}}
[debug] [2025-07-16T00:08:15.948Z] [worker-pool] submitRequest(triggerId=us-central1-api) {"metadata":{"emulator":{"name":"functions"},"message":"[worker-pool] submitRequest(triggerId=us-central1-api)"}}
[info] i  functions: Beginning execution of "us-central1-api" {"metadata":{"emulator":{"name":"functions"},"function":{"name":"us-central1-api"},"extension":{},"message":"Beginning execution of \"us-central1-api\""}}
[debug] [2025-07-16T00:08:15.949Z] [worker-us-central1-api-b0c2c03e-683f-4194-958d-6548fe616b87]: BUSY {"metadata":{"emulator":{"name":"functions"},"function":{"name":"us-central1-api"},"extension":{},"message":"[worker-us-central1-api-b0c2c03e-683f-4194-958d-6548fe616b87]: BUSY"}}
[info] >  payment recieved  300 {"user":"payment recieved  300","metadata":{"emulator":{"name":"functions"},"function":{"name":"us-central1-api"},"extension":{},"message":"\u001b[90m> \u001b[39m payment recieved  300"}}
[debug] [2025-07-16T00:08:17.424Z] Finishing up request with event=pause {"metadata":{"emulator":{"name":"functions"},"function":{"name":"us-central1-api"},"extension":{},"message":"Finishing up request with event=pause"}}
[info] i  functions: Finished "us-central1-api" in 1475.7923ms {"metadata":{"emulator":{"name":"functions"},"function":{"name":"us-central1-api"},"extension":{},"message":"Finished \"us-central1-api\" in 1475.7923ms"}}
[debug] [2025-07-16T00:08:17.427Z] [worker-us-central1-api-b0c2c03e-683f-4194-958d-6548fe616b87]: IDLE {"metadata":{"emulator":{"name":"functions"},"function":{"name":"us-central1-api"},"extension":{},"message":"[worker-us-central1-api-b0c2c03e-683f-4194-958d-6548fe616b87]: IDLE"}}
[debug] [2025-07-16T00:08:17.427Z] Finishing up request with event=finish {"metadata":{"emulator":{"name":"functions"},"function":{"name":"us-central1-api"},"extension":{},"message":"Finishing up request with event=finish"}}
[debug] [2025-07-16T00:08:17.428Z] Finishing up request with event=close {"metadata":{"emulator":{"name":"functions"},"function":{"name":"us-central1-api"},"extension":{},"message":"Finishing up request with event=close"}}
[debug] [2025-07-16T00:08:17.429Z] [work-queue] {"queuedWork":[],"queueLength":0,"runningWork":[],"workRunningCount":0}
[debug] [2025-07-16T00:47:54.105Z] [worker-us-central1-api-b0c2c03e-683f-4194-958d-6548fe616b87]: exited {"metadata":{"emulator":{"name":"functions"},"function":{"name":"us-central1-api"},"extension":{},"message":"[worker-us-central1-api-b0c2c03e-683f-4194-958d-6548fe616b87]: exited"}}
[debug] [2025-07-16T00:47:54.105Z] [worker-us-central1-api-b0c2c03e-683f-4194-958d-6548fe616b87]: FINISHED {"metadata":{"emulator":{"name":"functions"},"function":{"name":"us-central1-api"},"extension":{},"message":"[worker-us-central1-api-b0c2c03e-683f-4194-958d-6548fe616b87]: FINISHED"}}
[debug] [2025-07-16T00:47:54.106Z] Received signal SIGHUP 1
[info]  
[info] i  emulators: Received SIGHUP for the first time. Starting a clean shutdown. 
[info] i  emulators: Please wait for a clean shutdown or send the SIGHUP signal again to stop right now. 
[info] i  emulators: Shutting down emulators. {"metadata":{"emulator":{"name":"hub"},"message":"Shutting down emulators."}}
[info] i  ui: Stopping Emulator UI {"metadata":{"emulator":{"name":"ui"},"message":"Stopping Emulator UI"}}
[info] i  functions: Stopping Functions Emulator {"metadata":{"emulator":{"name":"functions"},"message":"Stopping Functions Emulator"}}
[info] i  eventarc: Stopping Eventarc Emulator {"metadata":{"emulator":{"name":"eventarc"},"message":"Stopping Eventarc Emulator"}}
[info] i  tasks: Stopping Cloud Tasks Emulator {"metadata":{"emulator":{"name":"tasks"},"message":"Stopping Cloud Tasks Emulator"}}
[info] i  hub: Stopping emulator hub {"metadata":{"emulator":{"name":"hub"},"message":"Stopping emulator hub"}}
[info] i  logging: Stopping Logging Emulator {"metadata":{"emulator":{"name":"logging"},"message":"Stopping Logging Emulator"}}
[debug] [2025-07-16T00:47:54.118Z] Could not find VSCode notification endpoint: FetchError: request to http://localhost:40001/vscode/notify failed, reason: . If you are not running the Firebase Data Connect VSCode extension, this is expected and not an issue.
